# JRE version: Java(TM) SE Runtime Environment (8.0_202-b08) (build 1.8.0_202-b08)
# Java VM: Java HotSpot(TM) 64-Bit Server VM (25.202-b08 mixed mode windows-amd64 compressed oops)
Heap:
 PSYoungGen      total 115200K, used 44870K [0x00000000d6600000, 0x00000000df600000, 0x0000000100000000)
  eden space 107008K, 34% used [0x00000000d6600000,0x00000000d8a034d8,0x00000000dce80000)
  from space 8192K, 97% used [0x00000000dee00000,0x00000000df5ce3e8,0x00000000df600000)
  to   space 9216K, 0% used [0x00000000de400000,0x00000000de400000,0x00000000ded00000)
 ParOldGen       total 55296K, used 8345K [0x0000000083200000, 0x0000000086800000, 0x00000000d6600000)
  object space 55296K, 15% used [0x0000000083200000,0x0000000083a265c0,0x0000000086800000)
 Metaspace       used 30172K, capacity 31764K, committed 32000K, reserved 1077248K
  class space    used 3902K, capacity 4238K, committed 4352K, reserved 1048576K
GC Heap History (10 events):
Event: 2.453 GC heap before
{Heap before GC invocations=3 (full 0):
 PSYoungGen      total 37888K, used 37790K [0x00000000d6600000, 0x00000000d9000000, 0x0000000100000000)
  eden space 32768K, 100% used [0x00000000d6600000,0x00000000d8600000,0x00000000d8600000)
  from space 5120K, 98% used [0x00000000d8b00000,0x00000000d8fe7890,0x00000000d9000000)
  to   space 5120K, 0% used [0x00000000d8600000,0x00000000d8600000,0x00000000d8b00000)
 ParOldGen       total 86016K, used 88K [0x0000000083200000, 0x0000000088600000, 0x00000000d6600000)
  object space 86016K, 0% used [0x0000000083200000,0x0000000083216010,0x0000000088600000)
 Metaspace       used 14468K, capacity 15066K, committed 15232K, reserved 1062912K
  class space    used 1688K, capacity 1857K, committed 1920K, reserved 1048576K
Event: 2.457 GC heap after
Heap after GC invocations=3 (full 0):
 PSYoungGen      total 37888K, used 5118K [0x00000000d6600000, 0x00000000db000000, 0x0000000100000000)
  eden space 32768K, 0% used [0x00000000d6600000,0x00000000d6600000,0x00000000d8600000)
  from space 5120K, 99% used [0x00000000d8600000,0x00000000d8aff868,0x00000000d8b00000)
  to   space 5120K, 0% used [0x00000000dab00000,0x00000000dab00000,0x00000000db000000)
 ParOldGen       total 86016K, used 195K [0x0000000083200000, 0x0000000088600000, 0x00000000d6600000)
  object space 86016K, 0% used [0x0000000083200000,0x0000000083230de8,0x0000000088600000)
 Metaspace       used 14468K, capacity 15066K, committed 15232K, reserved 1062912K
  class space    used 1688K, capacity 1857K, committed 1920K, reserved 1048576K
}
Event: 3.061 GC heap before
{Heap before GC invocations=4 (full 0):
 PSYoungGen      total 37888K, used 37886K [0x00000000d6600000, 0x00000000db000000, 0x0000000100000000)
  eden space 32768K, 100% used [0x00000000d6600000,0x00000000d8600000,0x00000000d8600000)
  from space 5120K, 99% used [0x00000000d8600000,0x00000000d8aff868,0x00000000d8b00000)
  to   space 5120K, 0% used [0x00000000dab00000,0x00000000dab00000,0x00000000db000000)
 ParOldGen       total 86016K, used 195K [0x0000000083200000, 0x0000000088600000, 0x00000000d6600000)
  object space 86016K, 0% used [0x0000000083200000,0x0000000083230de8,0x0000000088600000)
 Metaspace       used 16228K, capacity 16964K, committed 17024K, reserved 1064960K
  class space    used 1959K, capacity 2148K, committed 2176K, reserved 1048576K
Event: 3.076 GC heap after
Heap after GC invocations=4 (full 0):
 PSYoungGen      total 70656K, used 5101K [0x00000000d6600000, 0x00000000db000000, 0x0000000100000000)
  eden space 65536K, 0% used [0x00000000d6600000,0x00000000d6600000,0x00000000da600000)
  from space 5120K, 99% used [0x00000000dab00000,0x00000000daffb6c8,0x00000000db000000)
  to   space 5120K, 0% used [0x00000000da600000,0x00000000da600000,0x00000000dab00000)
 ParOldGen       total 86016K, used 307K [0x0000000083200000, 0x0000000088600000, 0x00000000d6600000)
  object space 86016K, 0% used [0x0000000083200000,0x000000008324cd90,0x0000000088600000)
 Metaspace       used 16228K, capacity 16964K, committed 17024K, reserved 1064960K
  class space    used 1959K, capacity 2148K, committed 2176K, reserved 1048576K
}
Event: 5.477 GC heap before
{Heap before GC invocations=5 (full 0):
 PSYoungGen      total 70656K, used 49944K [0x00000000d6600000, 0x00000000db000000, 0x0000000100000000)
  eden space 65536K, 68% used [0x00000000d6600000,0x00000000d91caa30,0x00000000da600000)
  from space 5120K, 99% used [0x00000000dab00000,0x00000000daffb6c8,0x00000000db000000)
  to   space 5120K, 0% used [0x00000000da600000,0x00000000da600000,0x00000000dab00000)
 ParOldGen       total 86016K, used 307K [0x0000000083200000, 0x0000000088600000, 0x00000000d6600000)
  object space 86016K, 0% used [0x0000000083200000,0x000000008324cd90,0x0000000088600000)
 Metaspace       used 20232K, capacity 21092K, committed 21248K, reserved 1067008K
  class space    used 2469K, capacity 2710K, committed 2816K, reserved 1048576K
Event: 5.485 GC heap after
Heap after GC invocations=5 (full 0):
 PSYoungGen      total 70656K, used 5104K [0x00000000d6600000, 0x00000000df600000, 0x0000000100000000)
  eden space 65536K, 0% used [0x00000000d6600000,0x00000000d6600000,0x00000000da600000)
  from space 5120K, 99% used [0x00000000da600000,0x00000000daafc3b0,0x00000000dab00000)
  to   space 8192K, 0% used [0x00000000dee00000,0x00000000dee00000,0x00000000df600000)
 ParOldGen       total 86016K, used 3645K [0x0000000083200000, 0x0000000088600000, 0x00000000d6600000)
  object space 86016K, 4% used [0x0000000083200000,0x000000008358f568,0x0000000088600000)
 Metaspace       used 20232K, capacity 21092K, committed 21248K, reserved 1067008K
  class space    used 2469K, capacity 2710K, committed 2816K, reserved 1048576K
}
Event: 5.485 GC heap before
{Heap before GC invocations=6 (full 1):
 PSYoungGen      total 70656K, used 5104K [0x00000000d6600000, 0x00000000df600000, 0x0000000100000000)
  eden space 65536K, 0% used [0x00000000d6600000,0x00000000d6600000,0x00000000da600000)
  from space 5120K, 99% used [0x00000000da600000,0x00000000daafc3b0,0x00000000dab00000)
  to   space 8192K, 0% used [0x00000000dee00000,0x00000000dee00000,0x00000000df600000)
 ParOldGen       total 86016K, used 3645K [0x0000000083200000, 0x0000000088600000, 0x00000000d6600000)
  object space 86016K, 4% used [0x0000000083200000,0x000000008358f568,0x0000000088600000)
 Metaspace       used 20232K, capacity 21092K, committed 21248K, reserved 1067008K
  class space    used 2469K, capacity 2710K, committed 2816K, reserved 1048576K
Event: 5.523 GC heap after
Heap after GC invocations=6 (full 1):
 PSYoungGen      total 70656K, used 0K [0x00000000d6600000, 0x00000000df600000, 0x0000000100000000)
  eden space 65536K, 0% used [0x00000000d6600000,0x00000000d6600000,0x00000000da600000)
  from space 5120K, 0% used [0x00000000da600000,0x00000000da600000,0x00000000dab00000)
  to   space 8192K, 0% used [0x00000000dee00000,0x00000000dee00000,0x00000000df600000)
 ParOldGen       total 55296K, used 8337K [0x0000000083200000, 0x0000000086800000, 0x00000000d6600000)
  object space 55296K, 15% used [0x0000000083200000,0x0000000083a245c0,0x0000000086800000)
 Metaspace       used 20232K, capacity 21092K, committed 21248K, reserved 1067008K
  class space    used 2469K, capacity 2710K, committed 2816K, reserved 1048576K
}
Event: 9.294 GC heap before
{Heap before GC invocations=7 (full 1):
 PSYoungGen      total 70656K, used 65536K [0x00000000d6600000, 0x00000000df600000, 0x0000000100000000)
  eden space 65536K, 100% used [0x00000000d6600000,0x00000000da600000,0x00000000da600000)
  from space 5120K, 0% used [0x00000000da600000,0x00000000da600000,0x00000000dab00000)
  to   space 8192K, 0% used [0x00000000dee00000,0x00000000dee00000,0x00000000df600000)
 ParOldGen       total 55296K, used 8337K [0x0000000083200000, 0x0000000086800000, 0x00000000d6600000)
  object space 55296K, 15% used [0x0000000083200000,0x0000000083a245c0,0x0000000086800000)
 Metaspace       used 27964K, capacity 29454K, committed 29568K, reserved 1075200K
  class space    used 3563K, capacity 3889K, committed 3968K, reserved 1048576K
Event: 9.330 GC heap after
Heap after GC invocations=7 (full 1):
 PSYoungGen      total 115200K, used 7992K [0x00000000d6600000, 0x00000000df600000, 0x0000000100000000)
  eden space 107008K, 0% used [0x00000000d6600000,0x00000000d6600000,0x00000000dce80000)
  from space 8192K, 97% used [0x00000000dee00000,0x00000000df5ce3e8,0x00000000df600000)
  to   space 9216K, 0% used [0x00000000de400000,0x00000000de400000,0x00000000ded00000)
 ParOldGen       total 55296K, used 8345K [0x0000000083200000, 0x0000000086800000, 0x00000000d6600000)
  object space 55296K, 15% used [0x0000000083200000,0x0000000083a265c0,0x0000000086800000)
 Metaspace       used 27964K, capacity 29454K, committed 29568K, reserved 1075200K
  class space    used 3563K, capacity 3889K, committed 3968K, reserved 1048576K
}

