# JRE version: Java(TM) SE Runtime Environment (8.0_202-b08) (build 1.8.0_202-b08)
# Java VM: Java HotSpot(TM) 64-Bit Server VM (25.202-b08 mixed mode windows-amd64 compressed oops)
Heap:
 PSYoungGen      total 110080K, used 38234K [0x00000000d6600000, 0x00000000df600000, 0x0000000100000000)
  eden space 101888K, 29% used [0x00000000d6600000,0x00000000d8359358,0x00000000dc980000)
  from space 8192K, 99% used [0x00000000dee00000,0x00000000df5fd4b0,0x00000000df600000)
  to   space 9216K, 0% used [0x00000000de400000,0x00000000de400000,0x00000000ded00000)
 ParOldGen       total 57344K, used 8460K [0x0000000083200000, 0x0000000086a00000, 0x00000000d6600000)
  object space 57344K, 14% used [0x0000000083200000,0x0000000083a43240,0x0000000086a00000)
 Metaspace       used 29892K, capacity 31466K, committed 31616K, reserved 1077248K
  class space    used 3860K, capacity 4215K, committed 4224K, reserved 1048576K
GC Heap History (10 events):
Event: 2.125 GC heap before
{Heap before GC invocations=3 (full 0):
 PSYoungGen      total 37888K, used 37831K [0x00000000d6600000, 0x00000000db000000, 0x0000000100000000)
  eden space 32768K, 100% used [0x00000000d6600000,0x00000000d8600000,0x00000000d8600000)
  from space 5120K, 98% used [0x00000000d8b00000,0x00000000d8ff1d40,0x00000000d9000000)
  to   space 5120K, 0% used [0x00000000d8600000,0x00000000d8600000,0x00000000d8b00000)
 ParOldGen       total 86016K, used 88K [0x0000000083200000, 0x0000000088600000, 0x00000000d6600000)
  object space 86016K, 0% used [0x0000000083200000,0x0000000083216010,0x0000000088600000)
 Metaspace       used 14424K, capacity 15002K, committed 15232K, reserved 1062912K
  class space    used 1684K, capacity 1857K, committed 1920K, reserved 1048576K
Event: 2.131 GC heap after
Heap after GC invocations=3 (full 0):
 PSYoungGen      total 37888K, used 5116K [0x00000000d6600000, 0x00000000db000000, 0x0000000100000000)
  eden space 32768K, 0% used [0x00000000d6600000,0x00000000d6600000,0x00000000d8600000)
  from space 5120K, 99% used [0x00000000d8600000,0x00000000d8aff3a0,0x00000000d8b00000)
  to   space 5120K, 0% used [0x00000000dab00000,0x00000000dab00000,0x00000000db000000)
 ParOldGen       total 86016K, used 254K [0x0000000083200000, 0x0000000088600000, 0x00000000d6600000)
  object space 86016K, 0% used [0x0000000083200000,0x000000008323fb10,0x0000000088600000)
 Metaspace       used 14424K, capacity 15002K, committed 15232K, reserved 1062912K
  class space    used 1684K, capacity 1857K, committed 1920K, reserved 1048576K
}
Event: 2.409 GC heap before
{Heap before GC invocations=4 (full 0):
 PSYoungGen      total 37888K, used 37884K [0x00000000d6600000, 0x00000000db000000, 0x0000000100000000)
  eden space 32768K, 100% used [0x00000000d6600000,0x00000000d8600000,0x00000000d8600000)
  from space 5120K, 99% used [0x00000000d8600000,0x00000000d8aff3a0,0x00000000d8b00000)
  to   space 5120K, 0% used [0x00000000dab00000,0x00000000dab00000,0x00000000db000000)
 ParOldGen       total 86016K, used 254K [0x0000000083200000, 0x0000000088600000, 0x00000000d6600000)
  object space 86016K, 0% used [0x0000000083200000,0x000000008323fb10,0x0000000088600000)
 Metaspace       used 16190K, capacity 16900K, committed 17024K, reserved 1064960K
  class space    used 1953K, capacity 2148K, committed 2176K, reserved 1048576K
Event: 2.415 GC heap after
Heap after GC invocations=4 (full 0):
 PSYoungGen      total 70656K, used 5116K [0x00000000d6600000, 0x00000000db000000, 0x0000000100000000)
  eden space 65536K, 0% used [0x00000000d6600000,0x00000000d6600000,0x00000000da600000)
  from space 5120K, 99% used [0x00000000dab00000,0x00000000dafff0a8,0x00000000db000000)
  to   space 5120K, 0% used [0x00000000da600000,0x00000000da600000,0x00000000dab00000)
 ParOldGen       total 86016K, used 403K [0x0000000083200000, 0x0000000088600000, 0x00000000d6600000)
  object space 86016K, 0% used [0x0000000083200000,0x0000000083264f48,0x0000000088600000)
 Metaspace       used 16190K, capacity 16900K, committed 17024K, reserved 1064960K
  class space    used 1953K, capacity 2148K, committed 2176K, reserved 1048576K
}
Event: 3.089 GC heap before
{Heap before GC invocations=5 (full 0):
 PSYoungGen      total 70656K, used 51606K [0x00000000d6600000, 0x00000000db000000, 0x0000000100000000)
  eden space 65536K, 70% used [0x00000000d6600000,0x00000000d9366af8,0x00000000da600000)
  from space 5120K, 99% used [0x00000000dab00000,0x00000000dafff0a8,0x00000000db000000)
  to   space 5120K, 0% used [0x00000000da600000,0x00000000da600000,0x00000000dab00000)
 ParOldGen       total 86016K, used 403K [0x0000000083200000, 0x0000000088600000, 0x00000000d6600000)
  object space 86016K, 0% used [0x0000000083200000,0x0000000083264f48,0x0000000088600000)
 Metaspace       used 20235K, capacity 21092K, committed 21248K, reserved 1067008K
  class space    used 2471K, capacity 2710K, committed 2816K, reserved 1048576K
Event: 3.100 GC heap after
Heap after GC invocations=5 (full 0):
 PSYoungGen      total 70656K, used 5088K [0x00000000d6600000, 0x00000000df600000, 0x0000000100000000)
  eden space 65536K, 0% used [0x00000000d6600000,0x00000000d6600000,0x00000000da600000)
  from space 5120K, 99% used [0x00000000da600000,0x00000000daaf83d0,0x00000000dab00000)
  to   space 8192K, 0% used [0x00000000dee00000,0x00000000dee00000,0x00000000df600000)
 ParOldGen       total 86016K, used 3755K [0x0000000083200000, 0x0000000088600000, 0x00000000d6600000)
  object space 86016K, 4% used [0x0000000083200000,0x00000000835aaf10,0x0000000088600000)
 Metaspace       used 20235K, capacity 21092K, committed 21248K, reserved 1067008K
  class space    used 2471K, capacity 2710K, committed 2816K, reserved 1048576K
}
Event: 3.100 GC heap before
{Heap before GC invocations=6 (full 1):
 PSYoungGen      total 70656K, used 5088K [0x00000000d6600000, 0x00000000df600000, 0x0000000100000000)
  eden space 65536K, 0% used [0x00000000d6600000,0x00000000d6600000,0x00000000da600000)
  from space 5120K, 99% used [0x00000000da600000,0x00000000daaf83d0,0x00000000dab00000)
  to   space 8192K, 0% used [0x00000000dee00000,0x00000000dee00000,0x00000000df600000)
 ParOldGen       total 86016K, used 3755K [0x0000000083200000, 0x0000000088600000, 0x00000000d6600000)
  object space 86016K, 4% used [0x0000000083200000,0x00000000835aaf10,0x0000000088600000)
 Metaspace       used 20235K, capacity 21092K, committed 21248K, reserved 1067008K
  class space    used 2471K, capacity 2710K, committed 2816K, reserved 1048576K
Event: 3.137 GC heap after
Heap after GC invocations=6 (full 1):
 PSYoungGen      total 70656K, used 0K [0x00000000d6600000, 0x00000000df600000, 0x0000000100000000)
  eden space 65536K, 0% used [0x00000000d6600000,0x00000000d6600000,0x00000000da600000)
  from space 5120K, 0% used [0x00000000da600000,0x00000000da600000,0x00000000dab00000)
  to   space 8192K, 0% used [0x00000000dee00000,0x00000000dee00000,0x00000000df600000)
 ParOldGen       total 57344K, used 8376K [0x0000000083200000, 0x0000000086a00000, 0x00000000d6600000)
  object space 57344K, 14% used [0x0000000083200000,0x0000000083a2e250,0x0000000086a00000)
 Metaspace       used 20235K, capacity 21092K, committed 21248K, reserved 1067008K
  class space    used 2471K, capacity 2710K, committed 2816K, reserved 1048576K
}
Event: 4.628 GC heap before
{Heap before GC invocations=7 (full 1):
 PSYoungGen      total 70656K, used 65536K [0x00000000d6600000, 0x00000000df600000, 0x0000000100000000)
  eden space 65536K, 100% used [0x00000000d6600000,0x00000000da600000,0x00000000da600000)
  from space 5120K, 0% used [0x00000000da600000,0x00000000da600000,0x00000000dab00000)
  to   space 8192K, 0% used [0x00000000dee00000,0x00000000dee00000,0x00000000df600000)
 ParOldGen       total 57344K, used 8376K [0x0000000083200000, 0x0000000086a00000, 0x00000000d6600000)
  object space 57344K, 14% used [0x0000000083200000,0x0000000083a2e250,0x0000000086a00000)
 Metaspace       used 28343K, capacity 29838K, committed 30080K, reserved 1075200K
  class space    used 3606K, capacity 3953K, committed 3968K, reserved 1048576K
Event: 4.636 GC heap after
Heap after GC invocations=7 (full 1):
 PSYoungGen      total 110080K, used 8181K [0x00000000d6600000, 0x00000000df600000, 0x0000000100000000)
  eden space 101888K, 0% used [0x00000000d6600000,0x00000000d6600000,0x00000000dc980000)
  from space 8192K, 99% used [0x00000000dee00000,0x00000000df5fd4b0,0x00000000df600000)
  to   space 9216K, 0% used [0x00000000de400000,0x00000000de400000,0x00000000ded00000)
 ParOldGen       total 57344K, used 8460K [0x0000000083200000, 0x0000000086a00000, 0x00000000d6600000)
  object space 57344K, 14% used [0x0000000083200000,0x0000000083a43240,0x0000000086a00000)
 Metaspace       used 28343K, capacity 29838K, committed 30080K, reserved 1075200K
  class space    used 3606K, capacity 3953K, committed 3968K, reserved 1048576K
}

